<?xml version="1.0" encoding="UTF-8"?>
<!-- Generated by org.testng.reporters.JUnitReportReporter -->
<testsuite hostname="VSP-JCQD6Q3" failures="0" tests="1" name="LauchApp.LaunchApplication" time="0.741" errors="0" timestamp="2025-01-02T17:09:09 IST" skipped="0">
  <testcase classname="LauchApp.LaunchApplication" name="searchCourse" time="0.741"/>
</testsuite> <!-- LauchApp.LaunchApplication -->
