<?xml version="1.0" encoding="UTF-8"?>
<!-- Generated by org.testng.reporters.JUnitReportReporter -->
<testsuite hostname="Sanagapalli" failures="0" tests="1" name="testcases.TestCase1" time="24.836" errors="0" timestamp="2025-01-03T23:14:19 IST" skipped="0">
  <testcase classname="testcases.TestCase1" name="testLogin" time="24.836"/>
</testsuite> <!-- testcases.TestCase1 -->
